<?xml version="1.0" encoding="utf-8"?><testsuites name="pytest tests"><testsuite name="pytest" errors="0" failures="0" skipped="0" tests="21" time="13.115" timestamp="2026-07-21T06:38:15.994692+00:00" hostname="agent-env-77041f57-a36a-4297-9c98-0a325db2920e"><testcase classname="tests.backend_test" name="test_root" time="0.146" /><testcase classname="tests.backend_test" name="test_signup_creates_user_with_500_credits" time="0.323" /><testcase classname="tests.backend_test" name="test_signup_email_uniqueness" time="0.051" /><testcase classname="tests.backend_test" name="test_login_and_me" time="0.366" /><testcase classname="tests.backend_test" name="test_auth_guard" time="0.197" /><testcase classname="tests.backend_test" name="test_create_and_list_camera" time="0.209" /><testcase classname="tests.backend_test" name="test_templates" time="0.102" /><testcase classname="tests.backend_test" name="test_create_detection_no_samples" time="0.100" /><testcase classname="tests.backend_test" name="test_create_detection_with_samples" time="0.097" /><testcase classname="tests.backend_test" name="test_list_detections" time="0.108" /><testcase classname="tests.backend_test" name="test_analyze_deducts_credits_and_stores_event" time="5.420" /><testcase classname="tests.backend_test" name="test_list_events" time="0.192" /><testcase classname="tests.backend_test" name="test_event_feedback_and_ack" time="0.330" /><testcase classname="tests.backend_test" name="test_memory_query" time="2.683" /><testcase classname="tests.backend_test" name="test_channels_crud_and_test_dispatch" time="1.081" /><testcase classname="tests.backend_test" name="test_deliveries" time="0.100" /><testcase classname="tests.backend_test" name="test_credits_and_topup" time="0.203" /><testcase classname="tests.backend_test" name="test_api_keys" time="0.290" /><testcase classname="tests.backend_test" name="test_analytics_summary" time="0.111" /><testcase classname="tests.backend_test" name="test_byo_keys" time="0.196" /><testcase classname="tests.backend_test" name="test_delete_detection_and_camera_cascade" time="0.285" /></testsuite></testsuites>