<?xml version="1.0" encoding="utf-8"?><testsuites name="pytest tests"><testsuite name="pytest" errors="0" failures="0" skipped="0" tests="10" time="10.069" timestamp="2026-07-21T07:08:26.315818+00:00" hostname="agent-env-77041f57-a36a-4297-9c98-0a325db2920e"><testcase classname="tests.test_iteration2" name="test_razorpay_topup_starter_returns_order" time="1.381" /><testcase classname="tests.test_iteration2" name="test_razorpay_topup_invalid_pack_400" time="0.115" /><testcase classname="tests.test_iteration2" name="test_razorpay_verify_bad_signature_400" time="0.103" /><testcase classname="tests.test_iteration2" name="test_camera_create_with_zones_and_patch" time="0.381" /><testcase classname="tests.test_iteration2" name="test_zone_aware_analyze_returns_valid_event" time="5.306" /><testcase classname="tests.test_iteration2" name="test_byo_twilio_save_and_get_masked" time="0.231" /><testcase classname="tests.test_iteration2" name="test_whatsapp_with_byo_twilio_attempts_real_call" time="0.402" /><testcase classname="tests.test_iteration2" name="test_whatsapp_without_byo_returns_no_keys_error" time="0.540" /><testcase classname="tests.test_iteration2" name="test_slack_and_webhook_channels_still_send" time="0.718" /><testcase classname="tests.test_iteration2" name="test_email_and_teams_remain_simulated" time="0.399" /></testsuite></testsuites>