<?xml version="1.0" encoding="utf-8"?><testsuites name="pytest tests"><testsuite name="pytest" errors="0" failures="0" skipped="0" tests="31" time="13.922" timestamp="2026-07-21T07:09:26.336006+00:00" hostname="agent-env-77041f57-a36a-4297-9c98-0a325db2920e"><testcase classname="tests.backend_test" name="test_root" time="0.198" /><testcase classname="tests.backend_test" name="test_signup_creates_user_with_500_credits" time="0.472" /><testcase classname="tests.test_iteration2" name="test_razorpay_topup_starter_returns_order" time="1.797" /><testcase classname="tests.backend_test" name="test_signup_email_uniqueness" time="0.044" /><testcase classname="tests.backend_test" name="test_login_and_me" time="1.081" /><testcase classname="tests.test_iteration2" name="test_razorpay_topup_invalid_pack_400" time="0.142" /><testcase classname="tests.backend_test" name="test_auth_guard" time="0.195" /><testcase classname="tests.test_iteration2" name="test_razorpay_verify_bad_signature_400" time="0.108" /><testcase classname="tests.backend_test" name="test_create_and_list_camera" time="0.237" /><testcase classname="tests.test_iteration2" name="test_camera_create_with_zones_and_patch" time="0.291" /><testcase classname="tests.backend_test" name="test_templates" time="0.097" /><testcase classname="tests.backend_test" name="test_create_detection_no_samples" time="0.097" /><testcase classname="tests.test_iteration2" name="test_zone_aware_analyze_returns_valid_event" time="4.563" /><testcase classname="tests.backend_test" name="test_create_detection_with_samples" time="0.095" /><testcase classname="tests.backend_test" name="test_list_detections" time="0.100" /><testcase classname="tests.backend_test" name="test_analyze_deducts_credits_and_stores_event" time="4.773" /><testcase classname="tests.test_iteration2" name="test_byo_twilio_save_and_get_masked" time="0.230" /><testcase classname="tests.test_iteration2" name="test_whatsapp_with_byo_twilio_attempts_real_call" time="0.353" /><testcase classname="tests.backend_test" name="test_list_events" time="0.411" /><testcase classname="tests.test_iteration2" name="test_whatsapp_without_byo_returns_no_keys_error" time="0.513" /><testcase classname="tests.backend_test" name="test_event_feedback_and_ack" time="0.321" /><testcase classname="tests.test_iteration2" name="test_slack_and_webhook_channels_still_send" time="0.630" /><testcase classname="tests.backend_test" name="test_memory_query" time="2.701" /><testcase classname="tests.test_iteration2" name="test_email_and_teams_remain_simulated" time="0.406" /><testcase classname="tests.backend_test" name="test_channels_crud_and_test_dispatch" time="1.043" /><testcase classname="tests.backend_test" name="test_deliveries" time="0.093" /><testcase classname="tests.backend_test" name="test_credits_and_topup" time="0.513" /><testcase classname="tests.backend_test" name="test_api_keys" time="0.291" /><testcase classname="tests.backend_test" name="test_analytics_summary" time="0.100" /><testcase classname="tests.backend_test" name="test_byo_keys" time="0.196" /><testcase classname="tests.backend_test" name="test_delete_detection_and_camera_cascade" time="0.292" /></testsuite></testsuites>